<?xml version="1.0" encoding="UTF-8"?>
<!-- Generated by org.testng.reporters.JUnitXMLReporter -->
<testsuite ignored="0" hostname="LAPTOP-0PKOEQOA" failures="0" tests="3" name="chrometest" time="41.288" errors="0" timestamp="2025-04-25T13:58:04 IST">
  <testcase classname="TestCases.TC4_DataDriven" name="dataDrivenLoginTest" time="4.307"/>
  <testcase classname="TestCases.TC4_DataDriven" name="dataDrivenLoginTest" time="16.234"/>
  <testcase classname="TestCases.TC4_DataDriven" name="dataDrivenLoginTest" time="16.248"/>
</testsuite> <!-- chrometest -->
