<?xml version="1.0" encoding="UTF-8"?>
<!-- Generated by org.testng.reporters.JUnitXMLReporter -->
<testsuite ignored="0" hostname="LAPTOP-0PKOEQOA" failures="0" tests="3" name="edgetest" time="27.53" errors="0" timestamp="2025-04-24T17:34:05 IST">
  <testcase classname="TestCases.TC4_DataDriven" name="dataDrivenLoginTest" time="1.228"/>
  <testcase classname="TestCases.TC4_DataDriven" name="dataDrivenLoginTest" time="10.165"/>
  <testcase classname="TestCases.TC4_DataDriven" name="dataDrivenLoginTest" time="10.165"/>
</testsuite> <!-- edgetest -->
