<?xml version="1.0" encoding="UTF-8"?>
<!-- Generated by org.testng.reporters.JUnitXMLReporter -->
<testsuite ignored="0" hostname="LAPTOP-0PKOEQOA" failures="0" tests="3" name="firefoxtest" time="27.137" errors="0" timestamp="2025-04-24T17:33:38 IST">
  <testcase classname="TestCases.TC4_DataDriven" name="dataDrivenLoginTest" time="0.861"/>
  <testcase classname="TestCases.TC4_DataDriven" name="dataDrivenLoginTest" time="10.26"/>
  <testcase classname="TestCases.TC4_DataDriven" name="dataDrivenLoginTest" time="10.269"/>
</testsuite> <!-- firefoxtest -->
