<?xml version="1.0" encoding="UTF-8"?>
<!-- Generated by org.testng.reporters.JUnitXMLReporter -->
<testsuite ignored="0" hostname="LAPTOP-0PKOEQOA" failures="0" tests="3" name="Test1" time="25.04" errors="0" timestamp="2025-04-25T15:32:17 IST">
  <testcase classname="TestCases.TC1_ValiduserAndpassword" name="LoginTestValiduserandPassword" time="4.431"/>
  <testcase classname="TestCases.TC2_NegativeUsername" name="NegetiveUsernameTest" time="5.532"/>
  <testcase classname="TestCases.TC3_NegativePassword" name="negativePasswordTest" time="3.193"/>
</testsuite> <!-- Test1 -->
