<?xml version="1.0" encoding="UTF-8"?>
<!-- Generated by org.testng.reporters.JUnitXMLReporter -->
<testsuite ignored="0" hostname="LAPTOP-0PKOEQOA" failures="0" tests="3" name="Test3" time="29.467" errors="0" timestamp="2025-04-25T15:11:11 IST">
  <testcase classname="TestCases.TC1_ValiduserAndpassword" name="LoginTestValiduserandPassword" time="4.535"/>
  <testcase classname="TestCases.TC2_NegativeUsername" name="NegetiveUsernameTest" time="3.327"/>
  <testcase classname="TestCases.TC3_NegativePassword" name="negativePasswordTest" time="3.315"/>
</testsuite> <!-- Test3 -->
