<?xml version="1.0" encoding="UTF-8"?>
<!-- Generated by org.testng.reporters.JUnitXMLReporter -->
<testsuite ignored="0" hostname="LAPTOP-0PKOEQOA" failures="0" tests="3" name="Test2" time="30.495" errors="0" timestamp="2025-04-25T15:10:41 IST">
  <testcase classname="TestCases.TC1_ValiduserAndpassword" name="LoginTestValiduserandPassword" time="4.592"/>
  <testcase classname="TestCases.TC2_NegativeUsername" name="NegetiveUsernameTest" time="3.301"/>
  <testcase classname="TestCases.TC3_NegativePassword" name="negativePasswordTest" time="3.298"/>
</testsuite> <!-- Test2 -->
