<?xml version="1.0" encoding="UTF-8"?>
<!-- Generated by org.testng.reporters.JUnitXMLReporter -->
<testsuite ignored="0" hostname="LAPTOP-0PKOEQOA" failures="0" tests="3" name="Test" time="26.709" errors="0" timestamp="2025-04-24T17:30:32 IST">
  <testcase classname="TestCases.TC4_DataDriven" name="dataDrivenLoginTest" time="1.24"/>
  <testcase classname="TestCases.TC4_DataDriven" name="dataDrivenLoginTest" time="10.21"/>
  <testcase classname="TestCases.TC4_DataDriven" name="dataDrivenLoginTest" time="10.223"/>
</testsuite> <!-- Test -->
