<?xml version="1.0" encoding="UTF-8"?>
<!-- Generated by org.testng.reporters.JUnitXMLReporter -->
<testsuite ignored="0" hostname="LAPTOP-0PKOEQOA" failures="0" tests="6" name="Test1" time="71.294" errors="0" timestamp="2025-04-25T16:25:19 IST">
  <testcase classname="TestCases.TC1_ValiduserAndpassword" name="LoginTestValiduserandPassword" time="4.56"/>
  <testcase classname="TestCases.TC2_NegativeUsername" name="NegetiveUsernameTest" time="3.347"/>
  <testcase classname="TestCases.TC3_NegativePassword" name="negativePasswordTest" time="3.297"/>
  <testcase classname="TestCases.TC4_DataDriven" name="dataDrivenLoginTest" time="4.512"/>
  <testcase classname="TestCases.TC4_DataDriven" name="dataDrivenLoginTest" time="13.267"/>
  <testcase classname="TestCases.TC4_DataDriven" name="dataDrivenLoginTest" time="13.286"/>
</testsuite> <!-- Test1 -->
