<?xml version="1.0" encoding="UTF-8"?>
<testsuite xmlns:xsi="http://www.w3.org/2001/XMLSchema-instance" xsi:noNamespaceSchemaLocation="https://maven.apache.org/surefire/maven-surefire-plugin/xsd/surefire-test-report-3.0.xsd" version="3.0" name="TestSuite" time="72.644" tests="6" errors="0" skipped="0" failures="0">
  <properties>
[...]
</properties>
  <testcase name="LoginTestValiduserandPassword" classname="TestCases.TC1_ValiduserAndpassword" time="4.565">
    <system-out><![CDATA[2025-04-25 16:24:18 [main] INFO  net.bytebuddy.asm.Advice.This - *****************url opening******************
2025-04-25 16:24:22 [main] INFO  net.bytebuddy.asm.Advice.This - ***********provided username and password***********
2025-04-25 16:24:22 [main] INFO  net.bytebuddy.asm.Advice.This - ***********clicked the submitbutton**********
2025-04-25 16:24:22 [main] INFO  net.bytebuddy.asm.Advice.This - ***********varifying logged in sucess msg***********
]]></system-out>
  </testcase>
  <testcase name="NegetiveUsernameTest" classname="TestCases.TC2_NegativeUsername" time="3.349">
    <system-out><![CDATA[2025-04-25 16:24:26 [main] INFO  net.bytebuddy.asm.Advice.This - ***********browser closed**************
2025-04-25 16:24:27 [main] INFO  net.bytebuddy.asm.Advice.This - *****************url opening******************
2025-04-25 16:24:31 [main] INFO  net.bytebuddy.asm.Advice.This - *********incorrect user and correct password********
2025-04-25 16:24:31 [main] INFO  net.bytebuddy.asm.Advice.This - *********clicked the submit button************
2025-04-25 16:24:31 [main] INFO  net.bytebuddy.asm.Advice.This - *******test passed********
]]></system-out>
    <system-err><![CDATA[Apr 25, 2025 4:24:26 PM org.openqa.selenium.remote.http.WebSocket$Listener onError
WARNING: Connection reset
java.net.SocketException: Connection reset
	at java.base/sun.nio.ch.SocketChannelImpl.throwConnectionReset(SocketChannelImpl.java:401)
	at java.base/sun.nio.ch.SocketChannelImpl.read(SocketChannelImpl.java:434)
	at java.net.http/jdk.internal.net.http.SocketTube.readAvailable(SocketTube.java:1178)
	at java.net.http/jdk.internal.net.http.SocketTube$InternalReadPublisher$InternalReadSubscription.read(SocketTube.java:841)
	at java.net.http/jdk.internal.net.http.SocketTube$SocketFlowTask.run(SocketTube.java:181)
	at java.net.http/jdk.internal.net.http.common.SequentialScheduler$SchedulableTask.run(SequentialScheduler.java:207)
	at java.net.http/jdk.internal.net.http.common.SequentialScheduler.runOrSchedule(SequentialScheduler.java:280)
	at java.net.http/jdk.internal.net.http.common.SequentialScheduler.runOrSchedule(SequentialScheduler.java:233)
	at java.net.http/jdk.internal.net.http.SocketTube$InternalReadPublisher$InternalReadSubscription.signalReadable(SocketTube.java:782)
	at java.net.http/jdk.internal.net.http.SocketTube$InternalReadPublisher$ReadEvent.signalEvent(SocketTube.java:965)
	at java.net.http/jdk.internal.net.http.SocketTube$SocketFlowEvent.handle(SocketTube.java:253)
	at java.net.http/jdk.internal.net.http.HttpClientImpl$SelectorManager.handleEvent(HttpClientImpl.java:1469)
	at java.net.http/jdk.internal.net.http.HttpClientImpl$SelectorManager.lambda$run$3(HttpClientImpl.java:1414)
	at java.base/java.util.ArrayList.forEach(ArrayList.java:1596)
	at java.net.http/jdk.internal.net.http.HttpClientImpl$SelectorManager.run(HttpClientImpl.java:1414)

]]></system-err>
  </testcase>
  <testcase name="negativePasswordTest" classname="TestCases.TC3_NegativePassword" time="3.297">
    <system-out><![CDATA[2025-04-25 16:24:34 [main] INFO  net.bytebuddy.asm.Advice.This - ***********browser closed**************
2025-04-25 16:24:35 [main] INFO  net.bytebuddy.asm.Advice.This - *****************url opening******************
2025-04-25 16:24:39 [main] INFO  net.bytebuddy.asm.Advice.This - *********correct user and incorrect password********
2025-04-25 16:24:39 [main] INFO  net.bytebuddy.asm.Advice.This - *********clicked the subumit button********
2025-04-25 16:24:39 [main] INFO  net.bytebuddy.asm.Advice.This - ********test passed**********
]]></system-out>
    <system-err><![CDATA[Apr 25, 2025 4:24:34 PM org.openqa.selenium.remote.http.WebSocket$Listener onError
WARNING: Connection reset
java.net.SocketException: Connection reset
	at java.base/sun.nio.ch.SocketChannelImpl.throwConnectionReset(SocketChannelImpl.java:401)
	at java.base/sun.nio.ch.SocketChannelImpl.read(SocketChannelImpl.java:434)
	at java.net.http/jdk.internal.net.http.SocketTube.readAvailable(SocketTube.java:1178)
	at java.net.http/jdk.internal.net.http.SocketTube$InternalReadPublisher$InternalReadSubscription.read(SocketTube.java:841)
	at java.net.http/jdk.internal.net.http.SocketTube$SocketFlowTask.run(SocketTube.java:181)
	at java.net.http/jdk.internal.net.http.common.SequentialScheduler$SchedulableTask.run(SequentialScheduler.java:207)
	at java.net.http/jdk.internal.net.http.common.SequentialScheduler.runOrSchedule(SequentialScheduler.java:280)
	at java.net.http/jdk.internal.net.http.common.SequentialScheduler.runOrSchedule(SequentialScheduler.java:233)
	at java.net.http/jdk.internal.net.http.SocketTube$InternalReadPublisher$InternalReadSubscription.signalReadable(SocketTube.java:782)
	at java.net.http/jdk.internal.net.http.SocketTube$InternalReadPublisher$ReadEvent.signalEvent(SocketTube.java:965)
	at java.net.http/jdk.internal.net.http.SocketTube$SocketFlowEvent.handle(SocketTube.java:253)
	at java.net.http/jdk.internal.net.http.HttpClientImpl$SelectorManager.handleEvent(HttpClientImpl.java:1469)
	at java.net.http/jdk.internal.net.http.HttpClientImpl$SelectorManager.lambda$run$3(HttpClientImpl.java:1414)
	at java.base/java.util.ArrayList.forEach(ArrayList.java:1596)
	at java.net.http/jdk.internal.net.http.HttpClientImpl$SelectorManager.run(HttpClientImpl.java:1414)

]]></system-err>
  </testcase>
  <testcase name="dataDrivenLoginTest[student, Password123, valid](1)" classname="TestCases.TC4_DataDriven" time="4.513">
    <system-out><![CDATA[2025-04-25 16:24:42 [main] INFO  net.bytebuddy.asm.Advice.This - ***********browser closed**************
2025-04-25 16:24:43 [main] INFO  net.bytebuddy.asm.Advice.This - *****************url opening******************
2025-04-25 16:24:48 [main] INFO  net.bytebuddy.asm.Advice.This - *********provided username and password and clicked the submit button********
2025-04-25 16:24:48 [main] INFO  net.bytebuddy.asm.Advice.This - *********valid credentials***********
2025-04-25 16:24:48 [main] INFO  net.bytebuddy.asm.Advice.This - *******able to login*******
2025-04-25 16:24:48 [main] INFO  net.bytebuddy.asm.Advice.This - *******test passed*********
]]></system-out>
    <system-err><![CDATA[Apr 25, 2025 4:24:42 PM org.openqa.selenium.remote.http.WebSocket$Listener onError
WARNING: Connection reset
java.net.SocketException: Connection reset
	at java.base/sun.nio.ch.SocketChannelImpl.throwConnectionReset(SocketChannelImpl.java:401)
	at java.base/sun.nio.ch.SocketChannelImpl.read(SocketChannelImpl.java:434)
	at java.net.http/jdk.internal.net.http.SocketTube.readAvailable(SocketTube.java:1178)
	at java.net.http/jdk.internal.net.http.SocketTube$InternalReadPublisher$InternalReadSubscription.read(SocketTube.java:841)
	at java.net.http/jdk.internal.net.http.SocketTube$SocketFlowTask.run(SocketTube.java:181)
	at java.net.http/jdk.internal.net.http.common.SequentialScheduler$SchedulableTask.run(SequentialScheduler.java:207)
	at java.net.http/jdk.internal.net.http.common.SequentialScheduler.runOrSchedule(SequentialScheduler.java:280)
	at java.net.http/jdk.internal.net.http.common.SequentialScheduler.runOrSchedule(SequentialScheduler.java:233)
	at java.net.http/jdk.internal.net.http.SocketTube$InternalReadPublisher$InternalReadSubscription.signalReadable(SocketTube.java:782)
	at java.net.http/jdk.internal.net.http.SocketTube$InternalReadPublisher$ReadEvent.signalEvent(SocketTube.java:965)
	at java.net.http/jdk.internal.net.http.SocketTube$SocketFlowEvent.handle(SocketTube.java:253)
	at java.net.http/jdk.internal.net.http.HttpClientImpl$SelectorManager.handleEvent(HttpClientImpl.java:1469)
	at java.net.http/jdk.internal.net.http.HttpClientImpl$SelectorManager.lambda$run$3(HttpClientImpl.java:1414)
	at java.base/java.util.ArrayList.forEach(ArrayList.java:1596)
	at java.net.http/jdk.internal.net.http.HttpClientImpl$SelectorManager.run(HttpClientImpl.java:1414)

]]></system-err>
  </testcase>
  <testcase name="dataDrivenLoginTest[student, wrongpass, invalid](2)" classname="TestCases.TC4_DataDriven" time="13.265">
    <system-out><![CDATA[2025-04-25 16:24:52 [main] INFO  net.bytebuddy.asm.Advice.This - *********provided username and password and clicked the submit button********
2025-04-25 16:24:55 [main] INFO  net.bytebuddy.asm.Advice.This - *********invalid credentials*******
2025-04-25 16:25:05 [main] INFO  net.bytebuddy.asm.Advice.This - *********unable to login******
2025-04-25 16:25:05 [main] INFO  net.bytebuddy.asm.Advice.This - *********test passed**********
]]></system-out>
  </testcase>
  <testcase name="dataDrivenLoginTest[wronduser, Password123, invalid](3)" classname="TestCases.TC4_DataDriven" time="13.287">
    <system-out><![CDATA[2025-04-25 16:25:05 [main] INFO  net.bytebuddy.asm.Advice.This - *********provided username and password and clicked the submit button********
2025-04-25 16:25:08 [main] INFO  net.bytebuddy.asm.Advice.This - *********invalid credentials*******
2025-04-25 16:25:18 [main] INFO  net.bytebuddy.asm.Advice.This - *********unable to login******
2025-04-25 16:25:18 [main] INFO  net.bytebuddy.asm.Advice.This - *********test passed**********
]]></system-out>
  </testcase>
</testsuite>