<?xml version="1.0" encoding="UTF-8"?>
<testng-results ignored="0" total="6" passed="6" failed="0" skipped="0">
  <reporter-output>
  </reporter-output>
  <suite started-at="2025-04-25T16:24:07 IST" name="Suite" finished-at="2025-04-25T16:25:18 IST" duration-ms="71294">
    <groups>
      <group name="regression">
        <method signature="TC2_NegativeUsername.NegetiveUsernameTest()[pri:0, instance:TestCases.TC2_NegativeUsername@5a3bc7ed]" name="NegetiveUsernameTest" class="TestCases.TC2_NegativeUsername"/>
      </group> <!-- regression -->
      <group name="sanity">
        <method signature="TC1_ValiduserAndpassword.LoginTestValiduserandPassword()[pri:0, instance:TestCases.TC1_ValiduserAndpassword@3f57bcad]" name="LoginTestValiduserandPassword" class="TestCases.TC1_ValiduserAndpassword"/>
      </group> <!-- sanity -->
      <group name="master">
        <method signature="TC1_ValiduserAndpassword.LoginTestValiduserandPassword()[pri:0, instance:TestCases.TC1_ValiduserAndpassword@3f57bcad]" name="LoginTestValiduserandPassword" class="TestCases.TC1_ValiduserAndpassword"/>
        <method signature="TC2_NegativeUsername.NegetiveUsernameTest()[pri:0, instance:TestCases.TC2_NegativeUsername@5a3bc7ed]" name="NegetiveUsernameTest" class="TestCases.TC2_NegativeUsername"/>
      </group> <!-- master -->
    </groups>
    <test started-at="2025-04-25T16:24:07 IST" name="Test1" finished-at="2025-04-25T16:25:18 IST" duration-ms="71294">
      <class name="TestCases.TC3_NegativePassword">
        <test-method is-config="true" signature="setup(java.lang.String)[pri:0, instance:TestCases.TC3_NegativePassword@181e731e]" started-at="2025-04-25T16:24:34 IST" name="setup" finished-at="2025-04-25T16:24:38 IST" duration-ms="4432" status="PASS">
          <params>
            <param index="0">
              <value>
                <![CDATA[chrome]]>
              </value>
            </param>
          </params>
          <reporter-output>
          </reporter-output>
        </test-method> <!-- setup -->
        <test-method signature="negativePasswordTest()[pri:0, instance:TestCases.TC3_NegativePassword@181e731e]" started-at="2025-04-25T16:24:38 IST" name="negativePasswordTest" finished-at="2025-04-25T16:24:42 IST" duration-ms="3297" status="PASS">
          <reporter-output>
          </reporter-output>
        </test-method> <!-- negativePasswordTest -->
        <test-method is-config="true" signature="tearDown()[pri:0, instance:TestCases.TC3_NegativePassword@181e731e]" started-at="2025-04-25T16:24:42 IST" name="tearDown" finished-at="2025-04-25T16:24:42 IST" duration-ms="66" status="PASS">
          <reporter-output>
          </reporter-output>
        </test-method> <!-- tearDown -->
      </class> <!-- TestCases.TC3_NegativePassword -->
      <class name="TestCases.TC4_DataDriven">
        <test-method is-config="true" signature="setup(java.lang.String)[pri:0, instance:TestCases.TC4_DataDriven@35645047]" started-at="2025-04-25T16:24:42 IST" name="setup" finished-at="2025-04-25T16:24:46 IST" duration-ms="4376" status="PASS">
          <params>
            <param index="0">
              <value>
                <![CDATA[chrome]]>
              </value>
            </param>
          </params>
          <reporter-output>
          </reporter-output>
        </test-method> <!-- setup -->
        <test-method signature="dataDrivenLoginTest(java.lang.String,java.lang.String,java.lang.String)[pri:0, instance:TestCases.TC4_DataDriven@35645047]" started-at="2025-04-25T16:24:47 IST" name="dataDrivenLoginTest" data-provider="LoginData" finished-at="2025-04-25T16:24:52 IST" duration-ms="4512" status="PASS">
          <params>
            <param index="0">
              <value>
                <![CDATA[student]]>
              </value>
            </param>
            <param index="1">
              <value>
                <![CDATA[Password123]]>
              </value>
            </param>
            <param index="2">
              <value>
                <![CDATA[valid]]>
              </value>
            </param>
          </params>
          <reporter-output>
          </reporter-output>
        </test-method> <!-- dataDrivenLoginTest -->
        <test-method signature="dataDrivenLoginTest(java.lang.String,java.lang.String,java.lang.String)[pri:0, instance:TestCases.TC4_DataDriven@35645047]" started-at="2025-04-25T16:24:52 IST" name="dataDrivenLoginTest" data-provider="LoginData" finished-at="2025-04-25T16:25:05 IST" duration-ms="13267" status="PASS">
          <params>
            <param index="0">
              <value>
                <![CDATA[student]]>
              </value>
            </param>
            <param index="1">
              <value>
                <![CDATA[wrongpass]]>
              </value>
            </param>
            <param index="2">
              <value>
                <![CDATA[invalid]]>
              </value>
            </param>
          </params>
          <reporter-output>
          </reporter-output>
        </test-method> <!-- dataDrivenLoginTest -->
        <test-method signature="dataDrivenLoginTest(java.lang.String,java.lang.String,java.lang.String)[pri:0, instance:TestCases.TC4_DataDriven@35645047]" started-at="2025-04-25T16:25:05 IST" name="dataDrivenLoginTest" data-provider="LoginData" finished-at="2025-04-25T16:25:18 IST" duration-ms="13286" status="PASS">
          <params>
            <param index="0">
              <value>
                <![CDATA[wronduser]]>
              </value>
            </param>
            <param index="1">
              <value>
                <![CDATA[Password123]]>
              </value>
            </param>
            <param index="2">
              <value>
                <![CDATA[invalid]]>
              </value>
            </param>
          </params>
          <reporter-output>
          </reporter-output>
        </test-method> <!-- dataDrivenLoginTest -->
        <test-method is-config="true" signature="tearDown()[pri:0, instance:TestCases.TC4_DataDriven@35645047]" started-at="2025-04-25T16:25:18 IST" name="tearDown" finished-at="2025-04-25T16:25:18 IST" duration-ms="67" status="PASS">
          <reporter-output>
          </reporter-output>
        </test-method> <!-- tearDown -->
      </class> <!-- TestCases.TC4_DataDriven -->
      <class name="TestCases.TC2_NegativeUsername">
        <test-method is-config="true" signature="setup(java.lang.String)[pri:0, instance:TestCases.TC2_NegativeUsername@5a3bc7ed]" started-at="2025-04-25T16:24:26 IST" name="setup" finished-at="2025-04-25T16:24:31 IST" duration-ms="4588" status="PASS">
          <params>
            <param index="0">
              <value>
                <![CDATA[chrome]]>
              </value>
            </param>
          </params>
          <reporter-output>
          </reporter-output>
        </test-method> <!-- setup -->
        <test-method signature="NegetiveUsernameTest()[pri:0, instance:TestCases.TC2_NegativeUsername@5a3bc7ed]" started-at="2025-04-25T16:24:31 IST" name="NegetiveUsernameTest" finished-at="2025-04-25T16:24:34 IST" duration-ms="3347" status="PASS">
          <reporter-output>
          </reporter-output>
        </test-method> <!-- NegetiveUsernameTest -->
        <test-method is-config="true" signature="tearDown()[pri:0, instance:TestCases.TC2_NegativeUsername@5a3bc7ed]" started-at="2025-04-25T16:24:34 IST" name="tearDown" finished-at="2025-04-25T16:24:34 IST" duration-ms="59" status="PASS">
          <reporter-output>
          </reporter-output>
        </test-method> <!-- tearDown -->
      </class> <!-- TestCases.TC2_NegativeUsername -->
      <class name="TestCases.TC1_ValiduserAndpassword">
        <test-method is-config="true" signature="setup(java.lang.String)[pri:0, instance:TestCases.TC1_ValiduserAndpassword@3f57bcad]" started-at="2025-04-25T16:24:07 IST" name="setup" finished-at="2025-04-25T16:24:21 IST" duration-ms="13999" status="PASS">
          <params>
            <param index="0">
              <value>
                <![CDATA[chrome]]>
              </value>
            </param>
          </params>
          <reporter-output>
          </reporter-output>
        </test-method> <!-- setup -->
        <test-method signature="LoginTestValiduserandPassword()[pri:0, instance:TestCases.TC1_ValiduserAndpassword@3f57bcad]" started-at="2025-04-25T16:24:21 IST" name="LoginTestValiduserandPassword" finished-at="2025-04-25T16:24:26 IST" duration-ms="4560" status="PASS">
          <reporter-output>
          </reporter-output>
        </test-method> <!-- LoginTestValiduserandPassword -->
        <test-method is-config="true" signature="tearDown()[pri:0, instance:TestCases.TC1_ValiduserAndpassword@3f57bcad]" started-at="2025-04-25T16:24:26 IST" name="tearDown" finished-at="2025-04-25T16:24:26 IST" duration-ms="76" status="PASS">
          <reporter-output>
          </reporter-output>
        </test-method> <!-- tearDown -->
      </class> <!-- TestCases.TC1_ValiduserAndpassword -->
    </test> <!-- Test1 -->
  </suite> <!-- Suite -->
</testng-results>
